#
# There is insufficient memory for the Java Runtime Environment to continue.
# Native memory allocation (malloc) failed to allocate 1496496 bytes for Chunk::new
# Possible reasons:
#   The system is out of physical RAM or swap space
#   The process is running with CompressedOops enabled, and the Java Heap may be blocking the growth of the native heap
# Possible solutions:
#   Reduce memory load on the system
#   Increase physical memory or swap space
#   Check if swap backing store is full
#   Decrease Java heap size (-Xmx/-Xms)
#   Decrease number of Java threads
#   Decrease Java thread stack sizes (-Xss)
#   Set larger code cache with -XX:ReservedCodeCacheSize=
#   JVM is running with Unscaled Compressed Oops mode in which the Java heap is
#     placed in the first 4GB address space. The Java Heap base address is the
#     maximum limit for the native heap growth. Please use -XX:HeapBaseMinAddress
#     to set the Java Heap base and to place the Java Heap above 4GB virtual address.
# This output file may be truncated or incomplete.
#
#  Out of Memory Error (allocation.cpp:389), pid=11156, tid=0x0000000000000900
#
# JRE version: Java(TM) SE Runtime Environment (8.0_211-b12) (build 1.8.0_211-b12)
# Java VM: Java HotSpot(TM) 64-Bit Server VM (25.211-b12 mixed mode windows-amd64 compressed oops)
# Failed to write core dump. Minidumps are not enabled by default on client versions of Windows
#

---------------  T H R E A D  ---------------

Current thread (0x00000000138c1000):  JavaThread "C2 CompilerThread0" daemon [_thread_in_native, id=2304, stack(0x0000000015010000,0x0000000015110000)]

Stack: [0x0000000015010000,0x0000000015110000]
[error occurred during error reporting (printing stack bounds), id 0xc0000005]

Native frames: (J=compiled Java code, j=interpreted, Vv=VM code, C=native code)


Current CompileTask:
C2:  12472 6562       4       java.lang.Class::privateGetPublicMethods (267 bytes)


---------------  P R O C E S S  ---------------

Java Threads: ( => current thread )
  0x000000001a6b3000 JavaThread "Memory manager" [_thread_blocked, id=11868, stack(0x000000001fc10000,0x000000001fd10000)]
  0x000000001a6ab800 JavaThread "Cache worker for Build Output Cleanup Cache (C:\Projects\smartpocket\android\.gradle\buildOutputCleanup)" [_thread_blocked, id=11672, stack(0x000000001f710000,0x000000001f810000)]
  0x000000001a6a8800 JavaThread "Build operations Thread 4" [_thread_blocked, id=11664, stack(0x000000001f210000,0x000000001f310000)]
  0x000000001a6ad000 JavaThread "Build operations Thread 3" [_thread_blocked, id=11660, stack(0x000000001f110000,0x000000001f210000)]
  0x000000001a6ab000 JavaThread "Build operations Thread 2" [_thread_blocked, id=11656, stack(0x000000001f010000,0x000000001f110000)]
  0x000000001a6ac800 JavaThread "Build operations" [_thread_blocked, id=11652, stack(0x000000001dea0000,0x000000001dfa0000)]
  0x000000001a6a6800 JavaThread "Cache worker for execution history cache (C:\Users\d.malahov\.gradle\caches\5.5\executionHistory)" [_thread_blocked, id=11648, stack(0x000000001dba0000,0x000000001dca0000)]
  0x000000001a6a9800 JavaThread "Cache worker for cache directory md-rule (C:\Users\d.malahov\.gradle\caches\5.5\md-rule)" [_thread_blocked, id=11644, stack(0x000000001d8a0000,0x000000001d9a0000)]
  0x0000000016c2b800 JavaThread "Cache worker for cache directory md-supplier (C:\Users\d.malahov\.gradle\caches\5.5\md-supplier)" [_thread_blocked, id=11640, stack(0x000000001c350000,0x000000001c450000)]
  0x0000000016c2e800 JavaThread "Cache worker for file hash cache (C:\Projects\smartpocket\android\.gradle\5.5\fileHashes)" [_thread_blocked, id=11328, stack(0x000000001abb0000,0x000000001acb0000)]
  0x0000000016c2d000 JavaThread "Cache worker for journal cache (C:\Users\d.malahov\.gradle\caches\journal-1)" [_thread_blocked, id=11324, stack(0x0000000018560000,0x0000000018660000)]
  0x0000000016c2e000 JavaThread "File lock request listener" [_thread_in_native, id=11320, stack(0x0000000018460000,0x0000000018560000)]
  0x0000000016c2c800 JavaThread "Cache worker for file hash cache (C:\Users\d.malahov\.gradle\caches\5.5\fileHashes)" [_thread_blocked, id=11316, stack(0x0000000018360000,0x0000000018460000)]
  0x0000000016e21000 JavaThread "Thread-9" [_thread_blocked, id=11308, stack(0x0000000018260000,0x0000000018360000)]
  0x0000000016ddf800 JavaThread "Stdin handler" [_thread_blocked, id=11304, stack(0x0000000018160000,0x0000000018260000)]
  0x0000000016e3d000 JavaThread "Asynchronous log dispatcher for DefaultDaemonConnection: socket connection from /127.0.0.1:54295 to /127.0.0.1:54296" [_thread_blocked, id=11300, stack(0x0000000017e60000,0x0000000017f60000)]
  0x0000000016dc7800 JavaThread "Daemon worker" [_thread_in_Java, id=11288, stack(0x0000000017d60000,0x0000000017e60000)]
  0x0000000016dc4000 JavaThread "Cancel handler" [_thread_blocked, id=11284, stack(0x0000000017c60000,0x0000000017d60000)]
  0x0000000016d61000 JavaThread "Handler for socket connection from /127.0.0.1:54295 to /127.0.0.1:54296" [_thread_in_native, id=11280, stack(0x0000000017b60000,0x0000000017c60000)]
  0x0000000016d50000 JavaThread "Daemon" [_thread_blocked, id=11276, stack(0x0000000017a60000,0x0000000017b60000)]
  0x0000000016dc2800 JavaThread "Daemon periodic checks" [_thread_blocked, id=11272, stack(0x0000000017960000,0x0000000017a60000)]
  0x0000000016d28000 JavaThread "Incoming local TCP Connector on port 54295" [_thread_in_native, id=11268, stack(0x0000000017720000,0x0000000017820000)]
  0x0000000016c5d000 JavaThread "Daemon health stats" [_thread_blocked, id=6812, stack(0x00000000170e0000,0x00000000171e0000)]
  0x000000001390e800 JavaThread "Service Thread" daemon [_thread_blocked, id=10460, stack(0x0000000015710000,0x0000000015810000)]
  0x0000000015220800 JavaThread "C1 CompilerThread2" daemon [_thread_in_native, id=2184, stack(0x0000000015610000,0x0000000015710000)]
  0x00000000138c6000 JavaThread "C2 CompilerThread1" daemon [_thread_in_native, id=7760, stack(0x0000000015110000,0x0000000015210000)]
=>0x00000000138c1000 JavaThread "C2 CompilerThread0" daemon [_thread_in_native, id=2304, stack(0x0000000015010000,0x0000000015110000)]
  0x00000000138c0000 JavaThread "Attach Listener" daemon [_thread_blocked, id=1288, stack(0x0000000014f10000,0x0000000015010000)]
  0x000000000253d800 JavaThread "Signal Dispatcher" daemon [_thread_blocked, id=6204, stack(0x0000000014e10000,0x0000000014f10000)]
  0x0000000002539000 JavaThread "Finalizer" daemon [_thread_blocked, id=7916, stack(0x0000000014b10000,0x0000000014c10000)]
  0x0000000002535000 JavaThread "Reference Handler" daemon [_thread_blocked, id=7708, stack(0x0000000014a10000,0x0000000014b10000)]
  0x0000000002445800 JavaThread "main" [_thread_blocked, id=7912, stack(0x00000000022d0000,0x00000000023d0000)]

Other Threads:
  0x0000000013877800 VMThread [stack: 0x0000000014910000,0x0000000014a10000] [id=7580]
  0x000000001522b000 WatcherThread [stack: 0x0000000015810000,0x0000000015910000] [id=356]

VM state:not at safepoint (normal execution)

VM Mutex/Monitor currently owned by a thread: None

heap address: 0x00000000e0000000, size: 512 MB, Compressed Oops mode: 32-bit
Narrow klass base: 0x0000000000000000, Narrow klass shift: 3
Compressed class space size: 1073741824 Address: 0x0000000100000000

Heap:
 PSYoungGen      total 153600K, used 53477K [0x00000000f5580000, 0x0000000100000000, 0x0000000100000000)
  eden space 133632K, 28% used [0x00000000f5580000,0x00000000f7abe498,0x00000000fd800000)
  from space 19968K, 76% used [0x00000000fec80000,0x00000000ffb7af68,0x0000000100000000)
  to   space 20480K, 0% used [0x00000000fd800000,0x00000000fd800000,0x00000000fec00000)
 ParOldGen       total 254464K, used 35151K [0x00000000e0000000, 0x00000000ef880000, 0x00000000f5580000)
  object space 254464K, 13% used [0x00000000e0000000,0x00000000e2253d70,0x00000000ef880000)
 Metaspace       used 63429K, capacity 65908K, committed 66176K, reserved 1107968K
  class space    used 8814K, capacity 9479K, committed 9600K, reserved 1048576K

Card table byte_map: [0x0000000011900000,0x0000000011a10000] byte_map_base: 0x0000000011200000

Marking Bits: (ParMarkBitMap*) 0x000000005d805ce0
 Begin Bits: [0x0000000011e10000, 0x0000000012610000)
 End Bits:   [0x0000000012610000, 0x0000000012e10000)

Polling page: 0x00000000003f0000

CodeCache: size=245760Kb used=21507Kb max_used=22482Kb free=224252Kb
 bounds [0x0000000002540000, 0x0000000003b50000, 0x0000000011540000]
 total_blobs=7216 nmethods=6394 adapters=734
 compilation: enabled

Compilation events (10 events):
Event: 12.468 Thread 0x0000000015220800 nmethod 6969 0x0000000003018550 code [0x00000000030186c0, 0x0000000003018928]
Event: 12.468 Thread 0x0000000015220800 6981       3       org.gradle.api.internal.artifacts.ivyservice.ivyresolve.ErrorHandlingModuleComponentRepository$ErrorHandlingModuleComponentRepositoryAccess$$Lambda$19/480795351::run (20 bytes)
Event: 12.468 Thread 0x0000000015220800 nmethod 6981 0x0000000002b5fb10 code [0x0000000002b5fc80, 0x0000000002b5ff28]
Event: 12.468 Thread 0x0000000015220800 6982       3       org.gradle.api.internal.artifacts.ivyservice.ivyresolve.ErrorHandlingModuleComponentRepository$ErrorHandlingModuleComponentRepositoryAccess::lambda$resolveComponentMetaData$5 (13 bytes)
Event: 12.468 Thread 0x0000000015220800 nmethod 6982 0x000000000314c510 code [0x000000000314c680, 0x000000000314c8a8]
Event: 12.468 Thread 0x0000000015220800 6983       3       org.gradle.api.internal.artifacts.ivyservice.ivyresolve.CachingModuleComponentRepository$LocateInCacheRepositoryAccess::resolveComponentMetaData (38 bytes)
Event: 12.468 Thread 0x0000000015220800 nmethod 6983 0x000000000264d690 code [0x000000000264d840, 0x000000000264dc98]
Event: 12.468 Thread 0x0000000015220800 6984       3       org.gradle.api.internal.artifacts.repositories.resolver.ExternalResourceResolver$LocalRepositoryAccess::resolveComponentMetaData (1 bytes)
Event: 12.468 Thread 0x0000000015220800 nmethod 6984 0x0000000002935d50 code [0x0000000002935ea0, 0x0000000002935ff0]
Event: 12.468 Thread 0x0000000015220800 6985       3       org.gradle.api.internal.artifacts.ivyservice.ivyresolve.CachingModuleComponentRepository$LocateInCacheRepositoryAccess::resolveComponentMetaDataFromCache (406 bytes)

GC Heap History (10 events):
Event: 7.266 GC heap before
{Heap before GC invocations=9 (full 2):
 PSYoungGen      total 105984K, used 93184K [0x00000000f5580000, 0x00000000fce00000, 0x0000000100000000)
  eden space 93184K, 100% used [0x00000000f5580000,0x00000000fb080000,0x00000000fb080000)
  from space 12800K, 0% used [0x00000000fbe00000,0x00000000fbe00000,0x00000000fca80000)
  to   space 13824K, 0% used [0x00000000fb080000,0x00000000fb080000,0x00000000fbe00000)
 ParOldGen       total 176128K, used 18958K [0x00000000e0000000, 0x00000000eac00000, 0x00000000f5580000)
  object space 176128K, 10% used [0x00000000e0000000,0x00000000e1283af0,0x00000000eac00000)
 Metaspace       used 44098K, capacity 45184K, committed 45440K, reserved 1087488K
  class space    used 6101K, capacity 6462K, committed 6528K, reserved 1048576K
Event: 7.274 GC heap after
Heap after GC invocations=9 (full 2):
 PSYoungGen      total 107008K, used 12497K [0x00000000f5580000, 0x00000000ff600000, 0x0000000100000000)
  eden space 93184K, 0% used [0x00000000f5580000,0x00000000f5580000,0x00000000fb080000)
  from space 13824K, 90% used [0x00000000fb080000,0x00000000fbcb46f8,0x00000000fbe00000)
  to   space 14848K, 0% used [0x00000000fe780000,0x00000000fe780000,0x00000000ff600000)
 ParOldGen       total 176128K, used 18966K [0x00000000e0000000, 0x00000000eac00000, 0x00000000f5580000)
  object space 176128K, 10% used [0x00000000e0000000,0x00000000e1285af0,0x00000000eac00000)
 Metaspace       used 44098K, capacity 45184K, committed 45440K, reserved 1087488K
  class space    used 6101K, capacity 6462K, committed 6528K, reserved 1048576K
}
Event: 9.951 GC heap before
{Heap before GC invocations=10 (full 2):
 PSYoungGen      total 107008K, used 105681K [0x00000000f5580000, 0x00000000ff600000, 0x0000000100000000)
  eden space 93184K, 100% used [0x00000000f5580000,0x00000000fb080000,0x00000000fb080000)
  from space 13824K, 90% used [0x00000000fb080000,0x00000000fbcb46f8,0x00000000fbe00000)
  to   space 14848K, 0% used [0x00000000fe780000,0x00000000fe780000,0x00000000ff600000)
 ParOldGen       total 176128K, used 18966K [0x00000000e0000000, 0x00000000eac00000, 0x00000000f5580000)
  object space 176128K, 10% used [0x00000000e0000000,0x00000000e1285af0,0x00000000eac00000)
 Metaspace       used 49958K, capacity 51378K, committed 51584K, reserved 1093632K
  class space    used 6855K, capacity 7249K, committed 7296K, reserved 1048576K
Event: 9.963 GC heap after
Heap after GC invocations=10 (full 2):
 PSYoungGen      total 145920K, used 14834K [0x00000000f5580000, 0x00000000ff680000, 0x0000000100000000)
  eden space 131072K, 0% used [0x00000000f5580000,0x00000000f5580000,0x00000000fd580000)
  from space 14848K, 99% used [0x00000000fe780000,0x00000000ff5fcb50,0x00000000ff600000)
  to   space 16896K, 0% used [0x00000000fd580000,0x00000000fd580000,0x00000000fe600000)
 ParOldGen       total 176128K, used 19969K [0x00000000e0000000, 0x00000000eac00000, 0x00000000f5580000)
  object space 176128K, 11% used [0x00000000e0000000,0x00000000e1380768,0x00000000eac00000)
 Metaspace       used 49958K, capacity 51378K, committed 51584K, reserved 1093632K
  class space    used 6855K, capacity 7249K, committed 7296K, reserved 1048576K
}
Event: 10.783 GC heap before
{Heap before GC invocations=11 (full 2):
 PSYoungGen      total 145920K, used 103913K [0x00000000f5580000, 0x00000000ff680000, 0x0000000100000000)
  eden space 131072K, 67% used [0x00000000f5580000,0x00000000fac7dc68,0x00000000fd580000)
  from space 14848K, 99% used [0x00000000fe780000,0x00000000ff5fcb50,0x00000000ff600000)
  to   space 16896K, 0% used [0x00000000fd580000,0x00000000fd580000,0x00000000fe600000)
 ParOldGen       total 176128K, used 19969K [0x00000000e0000000, 0x00000000eac00000, 0x00000000f5580000)
  object space 176128K, 11% used [0x00000000e0000000,0x00000000e1380768,0x00000000eac00000)
 Metaspace       used 57131K, capacity 58854K, committed 59028K, reserved 1099776K
  class space    used 7868K, capacity 8325K, committed 8448K, reserved 1048576K
Event: 10.795 GC heap after
Heap after GC invocations=11 (full 2):
 PSYoungGen      total 147968K, used 16878K [0x00000000f5580000, 0x0000000100000000, 0x0000000100000000)
  eden space 131072K, 0% used [0x00000000f5580000,0x00000000f5580000,0x00000000fd580000)
  from space 16896K, 99% used [0x00000000fd580000,0x00000000fe5fb978,0x00000000fe600000)
  to   space 19968K, 0% used [0x00000000fec80000,0x00000000fec80000,0x0000000100000000)
 ParOldGen       total 176128K, used 23316K [0x00000000e0000000, 0x00000000eac00000, 0x00000000f5580000)
  object space 176128K, 13% used [0x00000000e0000000,0x00000000e16c5048,0x00000000eac00000)
 Metaspace       used 57131K, capacity 58854K, committed 59028K, reserved 1099776K
  class space    used 7868K, capacity 8325K, committed 8448K, reserved 1048576K
}
Event: 10.795 GC heap before
{Heap before GC invocations=12 (full 3):
 PSYoungGen      total 147968K, used 16878K [0x00000000f5580000, 0x0000000100000000, 0x0000000100000000)
  eden space 131072K, 0% used [0x00000000f5580000,0x00000000f5580000,0x00000000fd580000)
  from space 16896K, 99% used [0x00000000fd580000,0x00000000fe5fb978,0x00000000fe600000)
  to   space 19968K, 0% used [0x00000000fec80000,0x00000000fec80000,0x0000000100000000)
 ParOldGen       total 176128K, used 23316K [0x00000000e0000000, 0x00000000eac00000, 0x00000000f5580000)
  object space 176128K, 13% used [0x00000000e0000000,0x00000000e16c5048,0x00000000eac00000)
 Metaspace       used 57131K, capacity 58854K, committed 59028K, reserved 1099776K
  class space    used 7868K, capacity 8325K, committed 8448K, reserved 1048576K
Event: 10.923 GC heap after
Heap after GC invocations=12 (full 3):
 PSYoungGen      total 147968K, used 0K [0x00000000f5580000, 0x0000000100000000, 0x0000000100000000)
  eden space 131072K, 0% used [0x00000000f5580000,0x00000000f5580000,0x00000000fd580000)
  from space 16896K, 0% used [0x00000000fd580000,0x00000000fd580000,0x00000000fe600000)
  to   space 19968K, 0% used [0x00000000fec80000,0x00000000fec80000,0x0000000100000000)
 ParOldGen       total 254464K, used 35151K [0x00000000e0000000, 0x00000000ef880000, 0x00000000f5580000)
  object space 254464K, 13% used [0x00000000e0000000,0x00000000e2253d70,0x00000000ef880000)
 Metaspace       used 57131K, capacity 58854K, committed 59028K, reserved 1099776K
  class space    used 7868K, capacity 8325K, committed 8448K, reserved 1048576K
}
Event: 12.100 GC heap before
{Heap before GC invocations=13 (full 3):
 PSYoungGen      total 147968K, used 131072K [0x00000000f5580000, 0x0000000100000000, 0x0000000100000000)
  eden space 131072K, 100% used [0x00000000f5580000,0x00000000fd580000,0x00000000fd580000)
  from space 16896K, 0% used [0x00000000fd580000,0x00000000fd580000,0x00000000fe600000)
  to   space 19968K, 0% used [0x00000000fec80000,0x00000000fec80000,0x0000000100000000)
 ParOldGen       total 254464K, used 35151K [0x00000000e0000000, 0x00000000ef880000, 0x00000000f5580000)
  object space 254464K, 13% used [0x00000000e0000000,0x00000000e2253d70,0x00000000ef880000)
 Metaspace       used 62235K, capacity 64542K, committed 64640K, reserved 1103872K
  class space    used 8655K, capacity 9298K, committed 9344K, reserved 1048576K
Event: 12.112 GC heap after
Heap after GC invocations=13 (full 3):
 PSYoungGen      total 153600K, used 15339K [0x00000000f5580000, 0x0000000100000000, 0x0000000100000000)
  eden space 133632K, 0% used [0x00000000f5580000,0x00000000f5580000,0x00000000fd800000)
  from space 19968K, 76% used [0x00000000fec80000,0x00000000ffb7af68,0x0000000100000000)
  to   space 20480K, 0% used [0x00000000fd800000,0x00000000fd800000,0x00000000fec00000)
 ParOldGen       total 254464K, used 35151K [0x00000000e0000000, 0x00000000ef880000, 0x00000000f5580000)
  object space 254464K, 13% used [0x00000000e0000000,0x00000000e2253d70,0x00000000ef880000)
 Metaspace       used 62235K, capacity 64542K, committed 64640K, reserved 1103872K
  class space    used 8655K, capacity 9298K, committed 9344K, reserved 1048576K
}

Deoptimization events (10 events):
Event: 10.771 Thread 0x0000000016dc7800 Uncommon trap: reason=unstable_if action=reinterpret pc=0x0000000003618948 method=kotlin.reflect.jvm.internal.impl.protobuf.CodedInputStream.readRawVarint32()I @ 10
Event: 10.992 Thread 0x0000000016dc7800 Uncommon trap: reason=unstable_if action=reinterpret pc=0x0000000003114b1c method=java.util.concurrent.ConcurrentHashMap.putVal(Ljava/lang/Object;Ljava/lang/Object;Z)Ljava/lang/Object; @ 206
Event: 11.216 Thread 0x0000000016dc7800 Uncommon trap: reason=unstable_if action=reinterpret pc=0x0000000002ffdfe4 method=java.io.WinNTFileSystem.normalize(Ljava/lang/String;)Ljava/lang/String; @ 74
Event: 11.337 Thread 0x0000000016dc7800 Uncommon trap: reason=class_check action=maybe_recompile pc=0x00000000030276dc method=java.io.BufferedInputStream.read1([BII)I @ 39
Event: 11.337 Thread 0x0000000016dc7800 Uncommon trap: reason=class_check action=maybe_recompile pc=0x0000000003019f98 method=java.io.BufferedInputStream.read1([BII)I @ 39
Event: 11.582 Thread 0x0000000016dc7800 Uncommon trap: reason=null_check action=make_not_entrant pc=0x000000000317c92c method=java.lang.ThreadLocal$ThreadLocalMap.getEntryAfterMiss(Ljava/lang/ThreadLocal;ILjava/lang/ThreadLocal$ThreadLocalMap$Entry;)Ljava/lang/ThreadLocal$ThreadLocalMap$Entry; 
Event: 12.091 Thread 0x0000000016dc7800 Uncommon trap: reason=predicate action=maybe_recompile pc=0x0000000003a314f0 method=java.util.AbstractCollection.toArray([Ljava/lang/Object;)[Ljava/lang/Object; @ 49
Event: 12.170 Thread 0x0000000016dc7800 Uncommon trap: reason=unstable_if action=reinterpret pc=0x0000000003a0bf2c method=org.codehaus.groovy.runtime.metaclass.MetaMethodIndex.copyNonPrivateNonNewMetaMethods(Lorg/codehaus/groovy/runtime/metaclass/MetaMethodIndex$Entry;Lorg/codehaus/groovy/runti
Event: 12.198 Thread 0x0000000016dc7800 Uncommon trap: reason=unstable_if action=reinterpret pc=0x0000000002b5545c method=java.util.TreeMap.put(Ljava/lang/Object;Ljava/lang/Object;)Ljava/lang/Object; @ 163
Event: 12.219 Thread 0x0000000016dc7800 Uncommon trap: reason=unstable_if action=reinterpret pc=0x0000000003a12ac4 method=org.codehaus.groovy.reflection.CachedClass.isAssignableFrom(Ljava/lang/Class;)Z @ 1

Classes redefined (0 events):
No events

Internal exceptions (10 events):
Event: 12.316 Thread 0x0000000016dc7800 Exception <a 'java/lang/ClassNotFoundException': build_7ugk8mgkvog58zs9nlsjgsx8sCustomizer> (0x00000000f70cffa0) thrown at [C:\re\workspace\8-2-build-windows-amd64-cygwin\jdk8u211\12973\hotspot\src\share\vm\classfile\systemDictionary.cpp, line 210]
Event: 12.354 Thread 0x0000000016dc7800 Exception <a 'java/lang/ClassNotFoundException': build_7ugk8mgkvog58zs9nlsjgsx8sBeanInfo> (0x00000000f7321c48) thrown at [C:\re\workspace\8-2-build-windows-amd64-cygwin\jdk8u211\12973\hotspot\src\share\vm\classfile\systemDictionary.cpp, line 210]
Event: 12.354 Thread 0x0000000016dc7800 Exception <a 'java/lang/ClassNotFoundException': build_7ugk8mgkvog58zs9nlsjgsx8sCustomizer> (0x00000000f732dbe0) thrown at [C:\re\workspace\8-2-build-windows-amd64-cygwin\jdk8u211\12973\hotspot\src\share\vm\classfile\systemDictionary.cpp, line 210]
Event: 12.356 Thread 0x0000000016dc7800 Exception <a 'sun/nio/fs/WindowsException'> (0x00000000f7346448) thrown at [C:\re\workspace\8-2-build-windows-amd64-cygwin\jdk8u211\12973\hotspot\src\share\vm\prims\jni.cpp, line 710]
Event: 12.369 Thread 0x0000000016dc7800 Exception <a 'java/lang/ClassNotFoundException': build_7ugk8mgkvog58zs9nlsjgsx8s$_run_closure1BeanInfo> (0x00000000f74501f0) thrown at [C:\re\workspace\8-2-build-windows-amd64-cygwin\jdk8u211\12973\hotspot\src\share\vm\classfile\systemDictionary.cpp, line
Event: 12.370 Thread 0x0000000016dc7800 Exception <a 'java/lang/ClassNotFoundException': build_7ugk8mgkvog58zs9nlsjgsx8s$_run_closure1Customizer> (0x00000000f7468f40) thrown at [C:\re\workspace\8-2-build-windows-amd64-cygwin\jdk8u211\12973\hotspot\src\share\vm\classfile\systemDictionary.cpp, li
Event: 12.415 Thread 0x0000000016dc7800 Exception <a 'java/lang/ClassNotFoundException': build_7ugk8mgkvog58zs9nlsjgsx8s$_run_closure4BeanInfo> (0x00000000f7765c08) thrown at [C:\re\workspace\8-2-build-windows-amd64-cygwin\jdk8u211\12973\hotspot\src\share\vm\classfile\systemDictionary.cpp, line
Event: 12.415 Thread 0x0000000016dc7800 Exception <a 'java/lang/ClassNotFoundException': build_7ugk8mgkvog58zs9nlsjgsx8s$_run_closure4Customizer> (0x00000000f7774370) thrown at [C:\re\workspace\8-2-build-windows-amd64-cygwin\jdk8u211\12973\hotspot\src\share\vm\classfile\systemDictionary.cpp, li
Event: 12.456 Thread 0x0000000016dc7800 Exception <a 'java/lang/ClassNotFoundException': build_5z5blguji7g26ledzg309ufw4BeanInfo> (0x00000000f790ad80) thrown at [C:\re\workspace\8-2-build-windows-amd64-cygwin\jdk8u211\12973\hotspot\src\share\vm\classfile\systemDictionary.cpp, line 210]
Event: 12.456 Thread 0x0000000016dc7800 Exception <a 'java/lang/ClassNotFoundException': build_5z5blguji7g26ledzg309ufw4Customizer> (0x00000000f7916dc0) thrown at [C:\re\workspace\8-2-build-windows-amd64-cygwin\jdk8u211\12973\hotspot\src\share\vm\classfile\systemDictionary.cpp, line 210]

Events (10 events):
Event: 12.456 loading class build_5z5blguji7g26ledzg309ufw4Customizer
Event: 12.456 loading class build_5z5blguji7g26ledzg309ufw4Customizer done
Event: 12.456 loading class build_5z5blguji7g26ledzg309ufw4Customizer
Event: 12.456 loading class build_5z5blguji7g26ledzg309ufw4Customizer done
Event: 12.458 loading class groovy/runtime/metaclass/build_5z5blguji7g26ledzg309ufw4$_run_closure1MetaClass
Event: 12.458 loading class groovy/runtime/metaclass/build_5z5blguji7g26ledzg309ufw4$_run_closure1MetaClass done
Event: 12.459 loading class groovy/runtime/metaclass/build_5z5blguji7g26ledzg309ufw4$_run_closure1$_closure2MetaClass
Event: 12.459 loading class groovy/runtime/metaclass/build_5z5blguji7g26ledzg309ufw4$_run_closure1$_closure2MetaClass done
Event: 12.461 loading class groovy/runtime/metaclass/build_5z5blguji7g26ledzg309ufw4$_run_closure1$_closure3MetaClass
Event: 12.461 loading class groovy/runtime/metaclass/build_5z5blguji7g26ledzg309ufw4$_run_closure1$_closure3MetaClass done


Dynamic libraries:
0x00007ff7ce3f0000 - 0x00007ff7ce427000 	C:\Program Files\Java\jdk1.8.0_211\bin\java.exe
0x00007ffb69fa0000 - 0x00007ffb6a18d000 	C:\Windows\SYSTEM32\ntdll.dll
0x00007ffb69b90000 - 0x00007ffb69c43000 	C:\Windows\System32\KERNEL32.DLL
0x00007ffb66f20000 - 0x00007ffb671b3000 	C:\Windows\System32\KERNELBASE.dll
0x00007ffb5d8b0000 - 0x00007ffb5d93c000 	C:\Windows\SYSTEM32\apphelp.dll
0x00007ffb698e0000 - 0x00007ffb69983000 	C:\Windows\System32\ADVAPI32.dll
0x00007ffb675f0000 - 0x00007ffb6768e000 	C:\Windows\System32\msvcrt.dll
0x00007ffb674d0000 - 0x00007ffb6756e000 	C:\Windows\System32\sechost.dll
0x00007ffb673a0000 - 0x00007ffb674c2000 	C:\Windows\System32\RPCRT4.dll
0x00007ffb69740000 - 0x00007ffb698d7000 	C:\Windows\System32\USER32.dll
0x00007ffb665d0000 - 0x00007ffb665f0000 	C:\Windows\System32\win32u.dll
0x00007ffb69b60000 - 0x00007ffb69b89000 	C:\Windows\System32\GDI32.dll
0x00007ffb660c0000 - 0x00007ffb66259000 	C:\Windows\System32\gdi32full.dll
0x00007ffb66460000 - 0x00007ffb66500000 	C:\Windows\System32\msvcp_win.dll
0x00007ffb66d70000 - 0x00007ffb66e6a000 	C:\Windows\System32\ucrtbase.dll
0x00007ffb5a990000 - 0x00007ffb5ac09000 	C:\Windows\WinSxS\amd64_microsoft.windows.common-controls_6595b64144ccf1df_6.0.17763.1039_none_de701650534c7021\COMCTL32.dll
0x00007ffb68da0000 - 0x00007ffb690cc000 	C:\Windows\System32\combase.dll
0x00007ffb66550000 - 0x00007ffb665ce000 	C:\Windows\System32\bcryptPrimitives.dll
0x00007ffb69ee0000 - 0x00007ffb69f0e000 	C:\Windows\System32\IMM32.DLL
0x000000005d890000 - 0x000000005d962000 	C:\Program Files\Java\jdk1.8.0_211\jre\bin\msvcr100.dll
0x000000005cfe0000 - 0x000000005d885000 	C:\Program Files\Java\jdk1.8.0_211\jre\bin\server\jvm.dll
0x00007ffb696c0000 - 0x00007ffb696c8000 	C:\Windows\System32\PSAPI.DLL
0x00007ffb5dd80000 - 0x00007ffb5dd89000 	C:\Windows\SYSTEM32\WSOCK32.dll
0x00007ffb696d0000 - 0x00007ffb6973d000 	C:\Windows\System32\WS2_32.dll
0x00007ffb5ebf0000 - 0x00007ffb5ec14000 	C:\Windows\SYSTEM32\WINMM.dll
0x00007ffb63230000 - 0x00007ffb6323a000 	C:\Windows\SYSTEM32\VERSION.dll
0x00007ffb5e540000 - 0x00007ffb5e56d000 	C:\Windows\SYSTEM32\WINMMBASE.dll
0x00007ffb66500000 - 0x00007ffb6654a000 	C:\Windows\System32\cfgmgr32.dll
0x00007ffb5e750000 - 0x00007ffb5e75f000 	C:\Program Files\Java\jdk1.8.0_211\jre\bin\verify.dll
0x00007ffb5e720000 - 0x00007ffb5e749000 	C:\Program Files\Java\jdk1.8.0_211\jre\bin\java.dll
0x00007ffb5e700000 - 0x00007ffb5e716000 	C:\Program Files\Java\jdk1.8.0_211\jre\bin\zip.dll
0x00007ffb678a0000 - 0x00007ffb68d94000 	C:\Windows\System32\SHELL32.dll
0x00007ffb69c50000 - 0x00007ffb69cf8000 	C:\Windows\System32\shcore.dll
0x00007ffb66620000 - 0x00007ffb66d6d000 	C:\Windows\System32\windows.storage.dll
0x00007ffb65fd0000 - 0x00007ffb65ff4000 	C:\Windows\System32\profapi.dll
0x00007ffb66000000 - 0x00007ffb6605d000 	C:\Windows\System32\powrprof.dll
0x00007ffb69af0000 - 0x00007ffb69b42000 	C:\Windows\System32\shlwapi.dll
0x00007ffb65fb0000 - 0x00007ffb65fc1000 	C:\Windows\System32\kernel.appcore.dll
0x00007ffb66440000 - 0x00007ffb66457000 	C:\Windows\System32\cryptsp.dll
0x00007ffb5e6e0000 - 0x00007ffb5e6fa000 	C:\Program Files\Java\jdk1.8.0_211\jre\bin\net.dll
0x00007ffb5e360000 - 0x00007ffb5e538000 	C:\Windows\SYSTEM32\urlmon.dll
0x00007ffb5da10000 - 0x00007ffb5dcb8000 	C:\Windows\SYSTEM32\iertutil.dll
0x00007ffb65970000 - 0x00007ffb6597c000 	C:\Windows\SYSTEM32\CRYPTBASE.DLL
0x00007ffb657a0000 - 0x00007ffb65807000 	C:\Windows\system32\mswsock.dll
0x00007ffb38de0000 - 0x00007ffb38df2000 	C:\Program Files\Java\jdk1.8.0_211\jre\bin\nio.dll
0x00007ffb38db0000 - 0x00007ffb38dd6000 	C:\Users\d.malahov\.gradle\native\29\windows-amd64\native-platform.dll
0x00007ffb47890000 - 0x00007ffb4789d000 	C:\Program Files\Java\jdk1.8.0_211\jre\bin\management.dll
0x00007ffb65320000 - 0x00007ffb65353000 	C:\Windows\system32\rsaenh.dll
0x00007ffb665f0000 - 0x00007ffb66616000 	C:\Windows\System32\bcrypt.dll
0x00007ffb65e90000 - 0x00007ffb65eb8000 	C:\Windows\SYSTEM32\USERENV.dll
0x00007ffb654c0000 - 0x00007ffb654fd000 	C:\Windows\SYSTEM32\IPHLPAPI.DLL
0x00007ffb672f0000 - 0x00007ffb672f8000 	C:\Windows\System32\NSI.dll
0x00007ffb639b0000 - 0x00007ffb639c6000 	C:\Windows\SYSTEM32\dhcpcsvc6.DLL
0x00007ffb63990000 - 0x00007ffb639ac000 	C:\Windows\SYSTEM32\dhcpcsvc.DLL
0x00007ffb65500000 - 0x00007ffb655c6000 	C:\Windows\SYSTEM32\DNSAPI.dll

VM Arguments:
jvm_args: -XX:MaxMetaspaceSize=256m -XX:+HeapDumpOnOutOfMemoryError -Xms256m -Xmx512m -Dfile.encoding=windows-1251 -Duser.country=US -Duser.language=en -Duser.variant 
java_command: org.gradle.launcher.daemon.bootstrap.GradleDaemon 5.5
java_class_path (initial): C:\Users\d.malahov\.gradle\wrapper\dists\gradle-5.5-all\byeise1led9a3w3p149d02kfj\gradle-5.5\lib\gradle-launcher-5.5.jar
Launcher Type: SUN_STANDARD

Environment Variables:
JAVA_HOME=C:\Program Files\Java\jdk1.8.0_211
CLASSPATH=C:\Projects\smartpocket\android\\gradle\wrapper\gradle-wrapper.jar
PATH=C:\Program Files\nodejs\node_modules\npm\node_modules\npm-lifecycle\node-gyp-bin;C:\Projects\smartpocket\node_modules\.bin;C:\Python27\;C:\Python27\Scripts;C:\Program Files (x86)\Common Files\Oracle\Java\javapath;C:\Windows\system32;C:\Windows;C:\Windows\System32\Wbem;C:\Windows\System32\WindowsPowerShell\v1.0\;C:\Windows\System32\OpenSSH\;C:\Program Files\nodejs\;C:\Program Files\dotnet\;C:\Program Files\Git\cmd;C:\Program Files\Microsoft SQL Server\130\Tools\Binn\;C:\Program Files (x86)\Microsoft SQL Server\140\Tools\Binn\;C:\Program Files\Microsoft SQL Server\140\Tools\Binn\;C:\Program Files (x86)\Microsoft SQL Server\140\DTS\Binn\;C:\Program Files\Microsoft SQL Server\140\DTS\Binn\;C:\Program Files\Microsoft SQL Server\Client SDK\ODBC\130\Tools\Binn\;C:\Program Files (x86)\Microsoft SQL Server\Client SDK\ODBC\130\Tools\Binn\;C:\Program Files (x86)\Microsoft SQL Server\140\Tools\Binn\ManagementStudio\;C:\ProgramData\chocolatey\bin;C:\Program Files\Java\jdk1.8.0_211\bin;C:\Program Files\Microsoft SQL Server\Client SDK\ODBC\170\Tools\Binn\;C:\Users\d.malahov\AppData\Local\Microsoft\WindowsApps;C:\Microsoft VS Code\bin;C:\Users\d.malahov\AppData\Roaming\npm;C:\Users\d.malahov\.dotnet\tools;C:\Users\d.malahov\AppData\Local\Android\Sdk\platform-tools;C:\Program Files\JetBrains\JetBrains Rider 2019.2.2\bin;C:\Program Files\JetBrains\IntelliJ IDEA Community Edition 2019.3.2\bin
USERNAME=d.malahov
OS=Windows_NT
PROCESSOR_IDENTIFIER=Intel64 Family 6 Model 158 Stepping 11, GenuineIntel



---------------  S Y S T E M  ---------------

OS: Windows 10.0 , 64 bit Build 17763 (10.0.17763.475)

CPU:total 4 (initial active 4) (4 cores per cpu, 1 threads per core) family 6 model 158 stepping 11, cmov, cx8, fxsr, mmx, sse, sse2, sse3, ssse3, sse4.1, sse4.2, popcnt, avx, avx2, aes, clmul, erms, 3dnowpref, lzcnt, tsc, tscinvbit, bmi1, bmi2, adx

Memory: 4k page, physical 16642784k(2665680k free), swap 17461984k(4152k free)

vm_info: Java HotSpot(TM) 64-Bit Server VM (25.211-b12) for windows-amd64 JRE (1.8.0_211-b12), built on Apr  1 2019 20:53:26 by "java_re" with MS VC++ 10.0 (VS2010)

time: Mon Mar 02 13:50:58 2020
timezone: Russia TZ 2 Standard Time
elapsed time: 12 seconds (0d 0h 0m 12s)

