#
# There is insufficient memory for the Java Runtime Environment to continue.
# Native memory allocation (malloc) failed to allocate 1027056 bytes for Chunk::new
# Possible reasons:
#   The system is out of physical RAM or swap space
#   The process is running with CompressedOops enabled, and the Java Heap may be blocking the growth of the native heap
# Possible solutions:
#   Reduce memory load on the system
#   Increase physical memory or swap space
#   Check if swap backing store is full
#   Decrease Java heap size (-Xmx/-Xms)
#   Decrease number of Java threads
#   Decrease Java thread stack sizes (-Xss)
#   Set larger code cache with -XX:ReservedCodeCacheSize=
#   JVM is running with Unscaled Compressed Oops mode in which the Java heap is
#     placed in the first 4GB address space. The Java Heap base address is the
#     maximum limit for the native heap growth. Please use -XX:HeapBaseMinAddress
#     to set the Java Heap base and to place the Java Heap above 4GB virtual address.
# This output file may be truncated or incomplete.
#
#  Out of Memory Error (allocation.cpp:389), pid=11816, tid=0x0000000000002770
#
# JRE version: Java(TM) SE Runtime Environment (8.0_211-b12) (build 1.8.0_211-b12)
# Java VM: Java HotSpot(TM) 64-Bit Server VM (25.211-b12 mixed mode windows-amd64 compressed oops)
# Failed to write core dump. Minidumps are not enabled by default on client versions of Windows
#

---------------  T H R E A D  ---------------

Current thread (0x0000000013e38000):  JavaThread "C2 CompilerThread1" daemon [_thread_in_native, id=10096, stack(0x0000000015570000,0x0000000015670000)]

Stack: [0x0000000015570000,0x0000000015670000]
[error occurred during error reporting (printing stack bounds), id 0xc0000005]

Native frames: (J=compiled Java code, j=interpreted, Vv=VM code, C=native code)


Current CompileTask:
C2:  16179 8184 %     4       org.gradle.internal.instantiation.AbstractClassGenerator::inspectType @ 107 (559 bytes)


---------------  P R O C E S S  ---------------

Java Threads: ( => current thread )
  0x0000000016803000 JavaThread "Execution worker for ':' Thread 3" [_thread_in_native, id=8320, stack(0x0000000023080000,0x0000000023180000)]
  0x00000000167f9800 JavaThread "Execution worker for ':' Thread 2" [_thread_in_native, id=9384, stack(0x0000000022f80000,0x0000000023080000)]
  0x0000000016800800 JavaThread "Execution worker for ':'" [_thread_in_native, id=10148, stack(0x0000000022e80000,0x0000000022f80000)]
  0x00000000167f8000 JavaThread "Cache worker for file content cache (C:\Projects\smartpocket\android\.gradle\5.5\fileContent)" [_thread_blocked, id=8756, stack(0x0000000022b80000,0x0000000022c80000)]
  0x00000000167fa800 JavaThread "Cache worker for file content cache (C:\Users\d.malahov\.gradle\caches\5.5\fileContent)" [_thread_blocked, id=4456, stack(0x00000000217e0000,0x00000000218e0000)]
  0x00000000167f7800 JavaThread "Memory manager" [_thread_blocked, id=9352, stack(0x0000000020fe0000,0x00000000210e0000)]
  0x00000000167f6800 JavaThread "Cache worker for Build Output Cleanup Cache (C:\Projects\smartpocket\android\.gradle\buildOutputCleanup)" [_thread_blocked, id=11628, stack(0x000000001fd80000,0x000000001fe80000)]
  0x00000000167fc000 JavaThread "Build operations Thread 4" [_thread_blocked, id=11624, stack(0x000000001f880000,0x000000001f980000)]
  0x00000000167fc800 JavaThread "Build operations Thread 3" [_thread_blocked, id=11612, stack(0x000000001f780000,0x000000001f880000)]
  0x00000000167fb000 JavaThread "Build operations Thread 2" [_thread_blocked, id=11620, stack(0x000000001f680000,0x000000001f780000)]
  0x00000000167f6000 JavaThread "Build operations" [_thread_blocked, id=11544, stack(0x000000001f580000,0x000000001f680000)]
  0x0000000017570800 JavaThread "Cache worker for execution history cache (C:\Users\d.malahov\.gradle\caches\5.5\executionHistory)" [_thread_blocked, id=11616, stack(0x000000001ef90000,0x000000001f090000)]
  0x0000000017571000 JavaThread "Cache worker for cache directory md-rule (C:\Users\d.malahov\.gradle\caches\5.5\md-rule)" [_thread_blocked, id=11548, stack(0x000000001c810000,0x000000001c910000)]
  0x000000001756f800 JavaThread "Cache worker for cache directory md-supplier (C:\Users\d.malahov\.gradle\caches\5.5\md-supplier)" [_thread_blocked, id=11560, stack(0x000000001c030000,0x000000001c130000)]
  0x000000001756c800 JavaThread "Cache worker for file hash cache (C:\Projects\smartpocket\android\.gradle\5.5\fileHashes)" [_thread_blocked, id=11308, stack(0x000000001bd30000,0x000000001be30000)]
  0x000000001756b000 JavaThread "Cache worker for journal cache (C:\Users\d.malahov\.gradle\caches\journal-1)" [_thread_blocked, id=11304, stack(0x0000000019990000,0x0000000019a90000)]
  0x000000001756c000 JavaThread "File lock request listener" [_thread_in_native, id=11288, stack(0x0000000019890000,0x0000000019990000)]
  0x000000001756a800 JavaThread "Cache worker for file hash cache (C:\Users\d.malahov\.gradle\caches\5.5\fileHashes)" [_thread_in_vm, id=11272, stack(0x0000000019790000,0x0000000019890000)]
  0x00000000171b4000 JavaThread "Thread-9" [_thread_blocked, id=7912, stack(0x0000000019690000,0x0000000019790000)]
  0x00000000171c4800 JavaThread "Stdin handler" [_thread_blocked, id=2304, stack(0x0000000019390000,0x0000000019490000)]
  0x00000000171c1800 JavaThread "Asynchronous log dispatcher for DefaultDaemonConnection: socket connection from /127.0.0.1:54323 to /127.0.0.1:54324" [_thread_blocked, id=6812, stack(0x0000000019290000,0x0000000019390000)]
  0x00000000171a7000 JavaThread "Daemon worker" [_thread_in_Java, id=2184, stack(0x0000000019190000,0x0000000019290000)]
  0x00000000171a6000 JavaThread "Cancel handler" [_thread_blocked, id=7760, stack(0x0000000019090000,0x0000000019190000)]
  0x000000001719b800 JavaThread "Handler for socket connection from /127.0.0.1:54323 to /127.0.0.1:54324" [_thread_in_native, id=1288, stack(0x0000000018f90000,0x0000000019090000)]
  0x00000000172c2800 JavaThread "Daemon" [_thread_blocked, id=6204, stack(0x0000000018e90000,0x0000000018f90000)]
  0x0000000017242000 JavaThread "Daemon periodic checks" [_thread_blocked, id=7708, stack(0x0000000018d90000,0x0000000018e90000)]
  0x000000001722f800 JavaThread "Incoming local TCP Connector on port 54323" [_thread_in_native, id=7580, stack(0x0000000018b50000,0x0000000018c50000)]
  0x00000000171d2800 JavaThread "Daemon health stats" [_thread_blocked, id=2816, stack(0x0000000018510000,0x0000000018610000)]
  0x00000000157a2800 JavaThread "Service Thread" daemon [_thread_blocked, id=7552, stack(0x0000000015b70000,0x0000000015c70000)]
  0x0000000013e3f000 JavaThread "C1 CompilerThread2" daemon [_thread_blocked, id=7808, stack(0x0000000015670000,0x0000000015770000)]
=>0x0000000013e38000 JavaThread "C2 CompilerThread1" daemon [_thread_in_native, id=10096, stack(0x0000000015570000,0x0000000015670000)]
  0x0000000013e34800 JavaThread "C2 CompilerThread0" daemon [_thread_in_native, id=7600, stack(0x0000000015470000,0x0000000015570000)]
  0x0000000013e33000 JavaThread "Attach Listener" daemon [_thread_blocked, id=7772, stack(0x0000000015370000,0x0000000015470000)]
  0x0000000013e32000 JavaThread "Signal Dispatcher" daemon [_thread_blocked, id=3800, stack(0x0000000015270000,0x0000000015370000)]
  0x00000000029fc000 JavaThread "Finalizer" daemon [_thread_blocked, id=11860, stack(0x0000000015070000,0x0000000015170000)]
  0x0000000013e0a000 JavaThread "Reference Handler" daemon [_thread_blocked, id=3512, stack(0x0000000014f70000,0x0000000015070000)]
  0x0000000002905800 JavaThread "main" [_thread_blocked, id=6608, stack(0x0000000002730000,0x0000000002830000)]

Other Threads:
  0x0000000013de8800 VMThread [stack: 0x0000000014e70000,0x0000000014f70000] [id=11856]
  0x00000000157ca800 WatcherThread [stack: 0x0000000015c70000,0x0000000015d70000] [id=7500]

VM state:not at safepoint (normal execution)

VM Mutex/Monitor currently owned by a thread: None

heap address: 0x00000000e0000000, size: 512 MB, Compressed Oops mode: 32-bit
Narrow klass base: 0x0000000000000000, Narrow klass shift: 3
Compressed class space size: 1073741824 Address: 0x0000000100000000

Heap:
 PSYoungGen      total 143360K, used 100038K [0x00000000f5580000, 0x0000000100000000, 0x0000000100000000)
  eden space 121344K, 64% used [0x00000000f5580000,0x00000000fa1b86b0,0x00000000fcc00000)
  from space 22016K, 99% used [0x00000000fea80000,0x00000000ffff94d8,0x0000000100000000)
  to   space 26624K, 0% used [0x00000000fcc00000,0x00000000fcc00000,0x00000000fe600000)
 ParOldGen       total 231424K, used 43027K [0x00000000e0000000, 0x00000000ee200000, 0x00000000f5580000)
  object space 231424K, 18% used [0x00000000e0000000,0x00000000e2a04ef0,0x00000000ee200000)
 Metaspace       used 70031K, capacity 73236K, committed 73492K, reserved 1112064K
  class space    used 9626K, capacity 10469K, committed 10516K, reserved 1048576K

Card table byte_map: [0x0000000011dc0000,0x0000000011ed0000] byte_map_base: 0x00000000116c0000

Marking Bits: (ParMarkBitMap*) 0x000000005d805ce0
 Begin Bits: [0x0000000012380000, 0x0000000012b80000)
 End Bits:   [0x0000000012b80000, 0x0000000013380000)

Polling page: 0x0000000000ed0000

CodeCache: size=245760Kb used=28796Kb max_used=28796Kb free=216963Kb
 bounds [0x0000000002a00000, 0x0000000004640000, 0x0000000011a00000]
 total_blobs=9637 nmethods=8782 adapters=767
 compilation: enabled

Compilation events (10 events):
Event: 16.176 Thread 0x0000000013e3f000 9575       2       org.gradle.internal.remote.internal.inet.SocketConnection$SocketOutputStream::write (78 bytes)
Event: 16.177 Thread 0x0000000013e3f000 nmethod 9575 0x0000000004630a90 code [0x0000000004630c20, 0x0000000004630f78]
Event: 16.177 Thread 0x0000000013e3f000 9576       2       org.gradle.internal.remote.internal.inet.SocketConnection$SocketOutputStream::flush (18 bytes)
Event: 16.177 Thread 0x0000000013e3f000 nmethod 9576 0x00000000046311d0 code [0x0000000004631360, 0x00000000046315a8]
Event: 16.177 Thread 0x0000000013e3f000 9573       2       sun.nio.ch.IOUtil::writeFromNativeBuffer (137 bytes)
Event: 16.177 Thread 0x0000000013e3f000 nmethod 9573 0x0000000004631710 code [0x00000000046318c0, 0x0000000004631c28]
Event: 16.177 Thread 0x0000000013e3f000 9574   !   2       sun.nio.ch.SocketChannelImpl::ensureWriteOpen (63 bytes)
Event: 16.177 Thread 0x0000000013e3f000 nmethod 9574 0x0000000004631e10 code [0x0000000004631fe0, 0x0000000004632688]
Event: 16.177 Thread 0x0000000013e3f000 9577       2       org.gradle.internal.remote.internal.inet.SocketConnection$SocketOutputStream::writeBufferToChannel (33 bytes)
Event: 16.178 Thread 0x0000000013e3f000 nmethod 9577 0x0000000004632bd0 code [0x0000000004632d40, 0x0000000004632f28]

GC Heap History (10 events):
Event: 8.130 GC heap before
{Heap before GC invocations=9 (full 2):
 PSYoungGen      total 157184K, used 142848K [0x00000000f5580000, 0x0000000100000000, 0x0000000100000000)
  eden space 142848K, 100% used [0x00000000f5580000,0x00000000fe100000,0x00000000fe100000)
  from space 14336K, 0% used [0x00000000fef00000,0x00000000fef00000,0x00000000ffd00000)
  to   space 14336K, 0% used [0x00000000fe100000,0x00000000fe100000,0x00000000fef00000)
 ParOldGen       total 175104K, used 17864K [0x00000000e0000000, 0x00000000eab00000, 0x00000000f5580000)
  object space 175104K, 10% used [0x00000000e0000000,0x00000000e1172360,0x00000000eab00000)
 Metaspace       used 46075K, capacity 47360K, committed 47576K, reserved 1089536K
  class space    used 6341K, capacity 6752K, committed 6872K, reserved 1048576K
Event: 8.146 GC heap after
Heap after GC invocations=9 (full 2):
 PSYoungGen      total 157184K, used 14333K [0x00000000f5580000, 0x0000000100000000, 0x0000000100000000)
  eden space 142848K, 0% used [0x00000000f5580000,0x00000000f5580000,0x00000000fe100000)
  from space 14336K, 99% used [0x00000000fe100000,0x00000000feeff4b0,0x00000000fef00000)
  to   space 17408K, 0% used [0x00000000fef00000,0x00000000fef00000,0x0000000100000000)
 ParOldGen       total 175104K, used 21340K [0x00000000e0000000, 0x00000000eab00000, 0x00000000f5580000)
  object space 175104K, 12% used [0x00000000e0000000,0x00000000e14d7258,0x00000000eab00000)
 Metaspace       used 46075K, capacity 47360K, committed 47576K, reserved 1089536K
  class space    used 6341K, capacity 6752K, committed 6872K, reserved 1048576K
}
Event: 11.639 GC heap before
{Heap before GC invocations=10 (full 2):
 PSYoungGen      total 157184K, used 149110K [0x00000000f5580000, 0x0000000100000000, 0x0000000100000000)
  eden space 142848K, 94% used [0x00000000f5580000,0x00000000fd91e5d0,0x00000000fe100000)
  from space 14336K, 99% used [0x00000000fe100000,0x00000000feeff4b0,0x00000000fef00000)
  to   space 17408K, 0% used [0x00000000fef00000,0x00000000fef00000,0x0000000100000000)
 ParOldGen       total 175104K, used 21340K [0x00000000e0000000, 0x00000000eab00000, 0x00000000f5580000)
  object space 175104K, 12% used [0x00000000e0000000,0x00000000e14d7258,0x00000000eab00000)
 Metaspace       used 57271K, capacity 58954K, committed 59028K, reserved 1099776K
  class space    used 7874K, capacity 8311K, committed 8340K, reserved 1048576K
Event: 11.655 GC heap after
Heap after GC invocations=10 (full 2):
 PSYoungGen      total 147968K, used 17392K [0x00000000f5580000, 0x0000000100000000, 0x0000000100000000)
  eden space 130560K, 0% used [0x00000000f5580000,0x00000000f5580000,0x00000000fd500000)
  from space 17408K, 99% used [0x00000000fef00000,0x00000000ffffc258,0x0000000100000000)
  to   space 22016K, 0% used [0x00000000fd500000,0x00000000fd500000,0x00000000fea80000)
 ParOldGen       total 175104K, used 26461K [0x00000000e0000000, 0x00000000eab00000, 0x00000000f5580000)
  object space 175104K, 15% used [0x00000000e0000000,0x00000000e19d75a0,0x00000000eab00000)
 Metaspace       used 57271K, capacity 58954K, committed 59028K, reserved 1099776K
  class space    used 7874K, capacity 8311K, committed 8340K, reserved 1048576K
}
Event: 11.655 GC heap before
{Heap before GC invocations=11 (full 3):
 PSYoungGen      total 147968K, used 17392K [0x00000000f5580000, 0x0000000100000000, 0x0000000100000000)
  eden space 130560K, 0% used [0x00000000f5580000,0x00000000f5580000,0x00000000fd500000)
  from space 17408K, 99% used [0x00000000fef00000,0x00000000ffffc258,0x0000000100000000)
  to   space 22016K, 0% used [0x00000000fd500000,0x00000000fd500000,0x00000000fea80000)
 ParOldGen       total 175104K, used 26461K [0x00000000e0000000, 0x00000000eab00000, 0x00000000f5580000)
  object space 175104K, 15% used [0x00000000e0000000,0x00000000e19d75a0,0x00000000eab00000)
 Metaspace       used 57271K, capacity 58954K, committed 59028K, reserved 1099776K
  class space    used 7874K, capacity 8311K, committed 8340K, reserved 1048576K
Event: 11.817 GC heap after
Heap after GC invocations=11 (full 3):
 PSYoungGen      total 147968K, used 0K [0x00000000f5580000, 0x0000000100000000, 0x0000000100000000)
  eden space 130560K, 0% used [0x00000000f5580000,0x00000000f5580000,0x00000000fd500000)
  from space 17408K, 0% used [0x00000000fef00000,0x00000000fef00000,0x0000000100000000)
  to   space 22016K, 0% used [0x00000000fd500000,0x00000000fd500000,0x00000000fea80000)
 ParOldGen       total 231424K, used 37287K [0x00000000e0000000, 0x00000000ee200000, 0x00000000f5580000)
  object space 231424K, 16% used [0x00000000e0000000,0x00000000e2469d80,0x00000000ee200000)
 Metaspace       used 57271K, capacity 58954K, committed 59028K, reserved 1099776K
  class space    used 7874K, capacity 8311K, committed 8340K, reserved 1048576K
}
Event: 13.107 GC heap before
{Heap before GC invocations=12 (full 3):
 PSYoungGen      total 147968K, used 130560K [0x00000000f5580000, 0x0000000100000000, 0x0000000100000000)
  eden space 130560K, 100% used [0x00000000f5580000,0x00000000fd500000,0x00000000fd500000)
  from space 17408K, 0% used [0x00000000fef00000,0x00000000fef00000,0x0000000100000000)
  to   space 22016K, 0% used [0x00000000fd500000,0x00000000fd500000,0x00000000fea80000)
 ParOldGen       total 231424K, used 37287K [0x00000000e0000000, 0x00000000ee200000, 0x00000000f5580000)
  object space 231424K, 16% used [0x00000000e0000000,0x00000000e2469d80,0x00000000ee200000)
 Metaspace       used 62177K, capacity 64434K, committed 64660K, reserved 1103872K
  class space    used 8629K, capacity 9252K, committed 9364K, reserved 1048576K
Event: 13.125 GC heap after
Heap after GC invocations=12 (full 3):
 PSYoungGen      total 152576K, used 14969K [0x00000000f5580000, 0x0000000100000000, 0x0000000100000000)
  eden space 130560K, 0% used [0x00000000f5580000,0x00000000f5580000,0x00000000fd500000)
  from space 22016K, 67% used [0x00000000fd500000,0x00000000fe39e760,0x00000000fea80000)
  to   space 22016K, 0% used [0x00000000fea80000,0x00000000fea80000,0x0000000100000000)
 ParOldGen       total 231424K, used 37295K [0x00000000e0000000, 0x00000000ee200000, 0x00000000f5580000)
  object space 231424K, 16% used [0x00000000e0000000,0x00000000e246bd80,0x00000000ee200000)
 Metaspace       used 62177K, capacity 64434K, committed 64660K, reserved 1103872K
  class space    used 8629K, capacity 9252K, committed 9364K, reserved 1048576K
}
Event: 15.287 GC heap before
{Heap before GC invocations=13 (full 3):
 PSYoungGen      total 152576K, used 145529K [0x00000000f5580000, 0x0000000100000000, 0x0000000100000000)
  eden space 130560K, 100% used [0x00000000f5580000,0x00000000fd500000,0x00000000fd500000)
  from space 22016K, 67% used [0x00000000fd500000,0x00000000fe39e760,0x00000000fea80000)
  to   space 22016K, 0% used [0x00000000fea80000,0x00000000fea80000,0x0000000100000000)
 ParOldGen       total 231424K, used 37295K [0x00000000e0000000, 0x00000000ee200000, 0x00000000f5580000)
  object space 231424K, 16% used [0x00000000e0000000,0x00000000e246bd80,0x00000000ee200000)
 Metaspace       used 68254K, capacity 71148K, committed 71444K, reserved 1110016K
  class space    used 9409K, capacity 10199K, committed 10260K, reserved 1048576K
Event: 15.309 GC heap after
Heap after GC invocations=13 (full 3):
 PSYoungGen      total 143360K, used 21989K [0x00000000f5580000, 0x0000000100000000, 0x0000000100000000)
  eden space 121344K, 0% used [0x00000000f5580000,0x00000000f5580000,0x00000000fcc00000)
  from space 22016K, 99% used [0x00000000fea80000,0x00000000ffff94d8,0x0000000100000000)
  to   space 26624K, 0% used [0x00000000fcc00000,0x00000000fcc00000,0x00000000fe600000)
 ParOldGen       total 231424K, used 43027K [0x00000000e0000000, 0x00000000ee200000, 0x00000000f5580000)
  object space 231424K, 18% used [0x00000000e0000000,0x00000000e2a04ef0,0x00000000ee200000)
 Metaspace       used 68254K, capacity 71148K, committed 71444K, reserved 1110016K
  class space    used 9409K, capacity 10199K, committed 10260K, reserved 1048576K
}

Deoptimization events (10 events):
Event: 15.796 Thread 0x00000000171a7000 Uncommon trap: reason=class_check action=maybe_recompile pc=0x00000000044d4750 method=org.gradle.api.internal.artifacts.transform.DefaultTransformationDependency.hashCode()I @ 4
Event: 15.796 Thread 0x00000000171a7000 Uncommon trap: reason=class_check action=maybe_recompile pc=0x00000000044d4750 method=org.gradle.api.internal.artifacts.transform.DefaultTransformationDependency.hashCode()I @ 4
Event: 15.937 Thread 0x00000000171a7000 Uncommon trap: reason=speculate_class_check action=maybe_recompile pc=0x0000000003695728 method=com.google.common.collect.AbstractIndexedListIterator.next()Ljava/lang/Object; @ 27
Event: 15.939 Thread 0x00000000171a7000 Uncommon trap: reason=speculate_class_check action=maybe_recompile pc=0x0000000003695728 method=com.google.common.collect.AbstractIndexedListIterator.next()Ljava/lang/Object; @ 27
Event: 15.939 Thread 0x00000000171a7000 Uncommon trap: reason=speculate_class_check action=maybe_recompile pc=0x0000000003695728 method=com.google.common.collect.AbstractIndexedListIterator.next()Ljava/lang/Object; @ 27
Event: 15.939 Thread 0x00000000171a7000 Uncommon trap: reason=speculate_class_check action=maybe_recompile pc=0x0000000003695728 method=com.google.common.collect.AbstractIndexedListIterator.next()Ljava/lang/Object; @ 27
Event: 16.017 Thread 0x0000000017570800 Uncommon trap: reason=bimorphic action=maybe_recompile pc=0x000000000360100c method=java.util.Arrays.binarySearch0([Ljava/lang/Object;IILjava/lang/Object;Ljava/util/Comparator;)I @ 48
Event: 16.017 Thread 0x0000000017570800 Uncommon trap: reason=bimorphic action=maybe_recompile pc=0x000000000360100c method=java.util.Arrays.binarySearch0([Ljava/lang/Object;IILjava/lang/Object;Ljava/util/Comparator;)I @ 48
Event: 16.017 Thread 0x0000000017570800 Uncommon trap: reason=bimorphic action=maybe_recompile pc=0x000000000360100c method=java.util.Arrays.binarySearch0([Ljava/lang/Object;IILjava/lang/Object;Ljava/util/Comparator;)I @ 48
Event: 16.017 Thread 0x0000000017570800 Uncommon trap: reason=bimorphic action=maybe_recompile pc=0x000000000360100c method=java.util.Arrays.binarySearch0([Ljava/lang/Object;IILjava/lang/Object;Ljava/util/Comparator;)I @ 48

Classes redefined (0 events):
No events

Internal exceptions (10 events):
Event: 13.776 Thread 0x00000000171a7000 Exception <a 'java/lang/ClassNotFoundException': com/android/build/gradle/internal/res/LinkApplicationAndroidResourcesTask_DecoratedBeanInfo> (0x00000000f8b42968) thrown at [C:\re\workspace\8-2-build-windows-amd64-cygwin\jdk8u211\12973\hotspot\src\share\v
Event: 13.776 Thread 0x00000000171a7000 Exception <a 'java/lang/ClassNotFoundException': com/android/build/gradle/internal/res/LinkApplicationAndroidResourcesTaskBeanInfo> (0x00000000f8b62038) thrown at [C:\re\workspace\8-2-build-windows-amd64-cygwin\jdk8u211\12973\hotspot\src\share\vm\classfil
Event: 13.776 Thread 0x00000000171a7000 Exception <a 'java/lang/ClassNotFoundException': com/android/build/gradle/tasks/ProcessAndroidResourcesBeanInfo> (0x00000000f8b7cb00) thrown at [C:\re\workspace\8-2-build-windows-amd64-cygwin\jdk8u211\12973\hotspot\src\share\vm\classfile\systemDictionary.
Event: 13.777 Thread 0x00000000171a7000 Exception <a 'java/lang/ClassNotFoundException': com/android/build/gradle/tasks/ProcessAndroidResourcesCustomizer> (0x00000000f8b97ff0) thrown at [C:\re\workspace\8-2-build-windows-amd64-cygwin\jdk8u211\12973\hotspot\src\share\vm\classfile\systemDictionar
Event: 13.777 Thread 0x00000000171a7000 Exception <a 'java/lang/ClassNotFoundException': com/android/build/gradle/internal/res/LinkApplicationAndroidResourcesTaskCustomizer> (0x00000000f8bcc6e8) thrown at [C:\re\workspace\8-2-build-windows-amd64-cygwin\jdk8u211\12973\hotspot\src\share\vm\classf
Event: 13.780 Thread 0x00000000171a7000 Exception <a 'java/lang/ClassNotFoundException': com/android/build/gradle/internal/res/LinkApplicationAndroidResourcesTask_DecoratedCustomizer> (0x00000000f8c78490) thrown at [C:\re\workspace\8-2-build-windows-amd64-cygwin\jdk8u211\12973\hotspot\src\share
Event: 13.862 Thread 0x00000000171a7000 Implicit null exception at 0x0000000003742322 to 0x0000000003742859
Event: 13.928 Thread 0x00000000171a7000 Implicit null exception at 0x0000000002bf306f to 0x0000000002bf310d
Event: 14.190 Thread 0x00000000171a7000 Implicit null exception at 0x0000000003306217 to 0x0000000003308611
Event: 14.790 Thread 0x00000000171a7000 Implicit null exception at 0x0000000004076598 to 0x00000000040766cd

Events (10 events):
Event: 16.044 loading class org/gradle/api/internal/artifacts/transform/TransformationNode$ChainedTransformationNode$1
Event: 16.044 loading class org/gradle/api/internal/artifacts/transform/TransformationNode$ChainedTransformationNode$1 done
Event: 16.044 loading class org/gradle/api/internal/artifacts/transform/TransformationNode$ChainedTransformationNode$1
Event: 16.044 loading class org/gradle/api/internal/artifacts/transform/TransformationNode$ChainedTransformationNode$1 done
Event: 16.105 Thread 0x00000000171a7000 DEOPT PACKING pc=0x0000000003fff03c sp=0x000000001928ad10
Event: 16.105 Thread 0x00000000171a7000 DEOPT UNPACKING pc=0x0000000002a47890 sp=0x000000001928abc8 mode 0
Event: 16.154 Thread 0x0000000016803000 DEOPT PACKING pc=0x0000000003fff03c sp=0x000000002317d5c0
Event: 16.154 Thread 0x0000000016803000 DEOPT UNPACKING pc=0x0000000002a47890 sp=0x000000002317d478 mode 0
Event: 16.159 Thread 0x00000000171a7000 DEOPT PACKING pc=0x0000000003a69368 sp=0x000000001928a9b0
Event: 16.159 Thread 0x00000000171a7000 DEOPT UNPACKING pc=0x0000000002a47890 sp=0x000000001928a658 mode 0


Dynamic libraries:
0x00007ff7ce3f0000 - 0x00007ff7ce427000 	C:\Program Files\Java\jdk1.8.0_211\bin\java.exe
0x00007ffb69fa0000 - 0x00007ffb6a18d000 	C:\Windows\SYSTEM32\ntdll.dll
0x00007ffb69b90000 - 0x00007ffb69c43000 	C:\Windows\System32\KERNEL32.DLL
0x00007ffb66f20000 - 0x00007ffb671b3000 	C:\Windows\System32\KERNELBASE.dll
0x00007ffb5d8b0000 - 0x00007ffb5d93c000 	C:\Windows\SYSTEM32\apphelp.dll
0x00007ffb698e0000 - 0x00007ffb69983000 	C:\Windows\System32\ADVAPI32.dll
0x00007ffb675f0000 - 0x00007ffb6768e000 	C:\Windows\System32\msvcrt.dll
0x00007ffb674d0000 - 0x00007ffb6756e000 	C:\Windows\System32\sechost.dll
0x00007ffb673a0000 - 0x00007ffb674c2000 	C:\Windows\System32\RPCRT4.dll
0x00007ffb69740000 - 0x00007ffb698d7000 	C:\Windows\System32\USER32.dll
0x00007ffb665d0000 - 0x00007ffb665f0000 	C:\Windows\System32\win32u.dll
0x00007ffb69b60000 - 0x00007ffb69b89000 	C:\Windows\System32\GDI32.dll
0x00007ffb660c0000 - 0x00007ffb66259000 	C:\Windows\System32\gdi32full.dll
0x00007ffb66460000 - 0x00007ffb66500000 	C:\Windows\System32\msvcp_win.dll
0x00007ffb66d70000 - 0x00007ffb66e6a000 	C:\Windows\System32\ucrtbase.dll
0x00007ffb5a990000 - 0x00007ffb5ac09000 	C:\Windows\WinSxS\amd64_microsoft.windows.common-controls_6595b64144ccf1df_6.0.17763.1039_none_de701650534c7021\COMCTL32.dll
0x00007ffb68da0000 - 0x00007ffb690cc000 	C:\Windows\System32\combase.dll
0x00007ffb66550000 - 0x00007ffb665ce000 	C:\Windows\System32\bcryptPrimitives.dll
0x00007ffb69ee0000 - 0x00007ffb69f0e000 	C:\Windows\System32\IMM32.DLL
0x000000005d890000 - 0x000000005d962000 	C:\Program Files\Java\jdk1.8.0_211\jre\bin\msvcr100.dll
0x000000005cfe0000 - 0x000000005d885000 	C:\Program Files\Java\jdk1.8.0_211\jre\bin\server\jvm.dll
0x00007ffb696c0000 - 0x00007ffb696c8000 	C:\Windows\System32\PSAPI.DLL
0x00007ffb5dd80000 - 0x00007ffb5dd89000 	C:\Windows\SYSTEM32\WSOCK32.dll
0x00007ffb696d0000 - 0x00007ffb6973d000 	C:\Windows\System32\WS2_32.dll
0x00007ffb5ebf0000 - 0x00007ffb5ec14000 	C:\Windows\SYSTEM32\WINMM.dll
0x00007ffb63230000 - 0x00007ffb6323a000 	C:\Windows\SYSTEM32\VERSION.dll
0x00007ffb5e540000 - 0x00007ffb5e56d000 	C:\Windows\SYSTEM32\WINMMBASE.dll
0x00007ffb66500000 - 0x00007ffb6654a000 	C:\Windows\System32\cfgmgr32.dll
0x00007ffb5e750000 - 0x00007ffb5e75f000 	C:\Program Files\Java\jdk1.8.0_211\jre\bin\verify.dll
0x00007ffb5e720000 - 0x00007ffb5e749000 	C:\Program Files\Java\jdk1.8.0_211\jre\bin\java.dll
0x00007ffb5e700000 - 0x00007ffb5e716000 	C:\Program Files\Java\jdk1.8.0_211\jre\bin\zip.dll
0x00007ffb678a0000 - 0x00007ffb68d94000 	C:\Windows\System32\SHELL32.dll
0x00007ffb69c50000 - 0x00007ffb69cf8000 	C:\Windows\System32\shcore.dll
0x00007ffb66620000 - 0x00007ffb66d6d000 	C:\Windows\System32\windows.storage.dll
0x00007ffb65fd0000 - 0x00007ffb65ff4000 	C:\Windows\System32\profapi.dll
0x00007ffb66000000 - 0x00007ffb6605d000 	C:\Windows\System32\powrprof.dll
0x00007ffb69af0000 - 0x00007ffb69b42000 	C:\Windows\System32\shlwapi.dll
0x00007ffb65fb0000 - 0x00007ffb65fc1000 	C:\Windows\System32\kernel.appcore.dll
0x00007ffb66440000 - 0x00007ffb66457000 	C:\Windows\System32\cryptsp.dll
0x00007ffb5e6e0000 - 0x00007ffb5e6fa000 	C:\Program Files\Java\jdk1.8.0_211\jre\bin\net.dll
0x00007ffb5e360000 - 0x00007ffb5e538000 	C:\Windows\SYSTEM32\urlmon.dll
0x00007ffb5da10000 - 0x00007ffb5dcb8000 	C:\Windows\SYSTEM32\iertutil.dll
0x00007ffb65970000 - 0x00007ffb6597c000 	C:\Windows\SYSTEM32\CRYPTBASE.DLL
0x00007ffb657a0000 - 0x00007ffb65807000 	C:\Windows\system32\mswsock.dll
0x00007ffb46730000 - 0x00007ffb46742000 	C:\Program Files\Java\jdk1.8.0_211\jre\bin\nio.dll
0x00007ffb46700000 - 0x00007ffb46726000 	C:\Users\d.malahov\.gradle\native\29\windows-amd64\native-platform.dll
0x00007ffb47890000 - 0x00007ffb4789d000 	C:\Program Files\Java\jdk1.8.0_211\jre\bin\management.dll
0x00007ffb65320000 - 0x00007ffb65353000 	C:\Windows\system32\rsaenh.dll
0x00007ffb665f0000 - 0x00007ffb66616000 	C:\Windows\System32\bcrypt.dll
0x00007ffb65e90000 - 0x00007ffb65eb8000 	C:\Windows\SYSTEM32\USERENV.dll
0x00007ffb654c0000 - 0x00007ffb654fd000 	C:\Windows\SYSTEM32\IPHLPAPI.DLL
0x00007ffb672f0000 - 0x00007ffb672f8000 	C:\Windows\System32\NSI.dll
0x00007ffb639b0000 - 0x00007ffb639c6000 	C:\Windows\SYSTEM32\dhcpcsvc6.DLL
0x00007ffb63990000 - 0x00007ffb639ac000 	C:\Windows\SYSTEM32\dhcpcsvc.DLL
0x00007ffb65500000 - 0x00007ffb655c6000 	C:\Windows\SYSTEM32\DNSAPI.dll
0x00007ffb466d0000 - 0x00007ffb466f4000 	C:\Program Files\Java\jdk1.8.0_211\jre\bin\sunec.dll
0x00007ffb62080000 - 0x00007ffb6208a000 	C:\Windows\System32\rasadhlp.dll
0x00007ffb63b20000 - 0x00007ffb63b99000 	C:\Windows\System32\fwpuclnt.dll
0x00007ffb46870000 - 0x00007ffb4687b000 	C:\Program Files\Java\jdk1.8.0_211\jre\bin\sunmscapi.dll
0x00007ffb66260000 - 0x00007ffb6643c000 	C:\Windows\System32\CRYPT32.dll
0x00007ffb65f90000 - 0x00007ffb65fa2000 	C:\Windows\System32\MSASN1.dll

VM Arguments:
jvm_args: -XX:MaxMetaspaceSize=256m -XX:+HeapDumpOnOutOfMemoryError -Xms256m -Xmx512m -Dfile.encoding=windows-1251 -Duser.country=US -Duser.language=en -Duser.variant 
java_command: org.gradle.launcher.daemon.bootstrap.GradleDaemon 5.5
java_class_path (initial): C:\Users\d.malahov\.gradle\wrapper\dists\gradle-5.5-all\byeise1led9a3w3p149d02kfj\gradle-5.5\lib\gradle-launcher-5.5.jar
Launcher Type: SUN_STANDARD

Environment Variables:
JAVA_HOME=C:\Program Files\Java\jdk1.8.0_211
CLASSPATH=C:\Projects\smartpocket\android\\gradle\wrapper\gradle-wrapper.jar
PATH=C:\Program Files\nodejs\node_modules\npm\node_modules\npm-lifecycle\node-gyp-bin;C:\Projects\smartpocket\node_modules\.bin;C:\Python27\;C:\Python27\Scripts;C:\Program Files (x86)\Common Files\Oracle\Java\javapath;C:\Windows\system32;C:\Windows;C:\Windows\System32\Wbem;C:\Windows\System32\WindowsPowerShell\v1.0\;C:\Windows\System32\OpenSSH\;C:\Program Files\nodejs\;C:\Program Files\dotnet\;C:\Program Files\Git\cmd;C:\Program Files\Microsoft SQL Server\130\Tools\Binn\;C:\Program Files (x86)\Microsoft SQL Server\140\Tools\Binn\;C:\Program Files\Microsoft SQL Server\140\Tools\Binn\;C:\Program Files (x86)\Microsoft SQL Server\140\DTS\Binn\;C:\Program Files\Microsoft SQL Server\140\DTS\Binn\;C:\Program Files\Microsoft SQL Server\Client SDK\ODBC\130\Tools\Binn\;C:\Program Files (x86)\Microsoft SQL Server\Client SDK\ODBC\130\Tools\Binn\;C:\Program Files (x86)\Microsoft SQL Server\140\Tools\Binn\ManagementStudio\;C:\ProgramData\chocolatey\bin;C:\Program Files\Java\jdk1.8.0_211\bin;C:\Program Files\Microsoft SQL Server\Client SDK\ODBC\170\Tools\Binn\;C:\Users\d.malahov\AppData\Local\Microsoft\WindowsApps;C:\Microsoft VS Code\bin;C:\Users\d.malahov\AppData\Roaming\npm;C:\Users\d.malahov\.dotnet\tools;C:\Users\d.malahov\AppData\Local\Android\Sdk\platform-tools;C:\Program Files\JetBrains\JetBrains Rider 2019.2.2\bin;C:\Program Files\JetBrains\IntelliJ IDEA Community Edition 2019.3.2\bin
USERNAME=d.malahov
OS=Windows_NT
PROCESSOR_IDENTIFIER=Intel64 Family 6 Model 158 Stepping 11, GenuineIntel



---------------  S Y S T E M  ---------------

OS: Windows 10.0 , 64 bit Build 17763 (10.0.17763.475)

CPU:total 4 (initial active 4) (4 cores per cpu, 1 threads per core) family 6 model 158 stepping 11, cmov, cx8, fxsr, mmx, sse, sse2, sse3, ssse3, sse4.1, sse4.2, popcnt, avx, avx2, aes, clmul, erms, 3dnowpref, lzcnt, tsc, tscinvbit, bmi1, bmi2, adx

Memory: 4k page, physical 16642784k(2723028k free), swap 17461984k(5888k free)

vm_info: Java HotSpot(TM) 64-Bit Server VM (25.211-b12) for windows-amd64 JRE (1.8.0_211-b12), built on Apr  1 2019 20:53:26 by "java_re" with MS VC++ 10.0 (VS2010)

time: Mon Mar 02 13:51:29 2020
timezone: Russia TZ 2 Standard Time
elapsed time: 16 seconds (0d 0h 0m 16s)

